[2019-10-15 00:03:12,255] INFO [Controller id=0] Processing automatic preferred replica leader election (kafka.controller.KafkaController)
[2019-10-15 00:03:12,256] TRACE [Controller id=0] Checking need to trigger auto leader balancing (kafka.controller.KafkaController)
[2019-10-15 00:03:12,256] DEBUG [Controller id=0] Preferred replicas by broker Map(0 -> Map(twitter-stream-0 -> Vector(0))) (kafka.controller.KafkaController)
[2019-10-15 00:03:12,256] DEBUG [Controller id=0] Topics not in preferred replica for broker 0 Map() (kafka.controller.KafkaController)
[2019-10-15 00:03:12,256] TRACE [Controller id=0] Leader imbalance ratio for broker 0 is 0.0 (kafka.controller.KafkaController)
[2019-10-15 00:08:12,256] INFO [Controller id=0] Processing automatic preferred replica leader election (kafka.controller.KafkaController)
[2019-10-15 00:08:12,256] TRACE [Controller id=0] Checking need to trigger auto leader balancing (kafka.controller.KafkaController)
[2019-10-15 00:08:12,256] DEBUG [Controller id=0] Preferred replicas by broker Map(0 -> Map(twitter-stream-0 -> Vector(0))) (kafka.controller.KafkaController)
[2019-10-15 00:08:12,256] DEBUG [Controller id=0] Topics not in preferred replica for broker 0 Map() (kafka.controller.KafkaController)
[2019-10-15 00:08:12,256] TRACE [Controller id=0] Leader imbalance ratio for broker 0 is 0.0 (kafka.controller.KafkaController)
[2019-10-15 00:13:12,257] INFO [Controller id=0] Processing automatic preferred replica leader election (kafka.controller.KafkaController)
[2019-10-15 00:13:12,257] TRACE [Controller id=0] Checking need to trigger auto leader balancing (kafka.controller.KafkaController)
[2019-10-15 00:13:12,257] DEBUG [Controller id=0] Preferred replicas by broker Map(0 -> Map(twitter-stream-0 -> Vector(0))) (kafka.controller.KafkaController)
[2019-10-15 00:13:12,257] DEBUG [Controller id=0] Topics not in preferred replica for broker 0 Map() (kafka.controller.KafkaController)
[2019-10-15 00:13:12,257] TRACE [Controller id=0] Leader imbalance ratio for broker 0 is 0.0 (kafka.controller.KafkaController)
[2019-10-15 00:18:12,258] INFO [Controller id=0] Processing automatic preferred replica leader election (kafka.controller.KafkaController)
[2019-10-15 00:18:12,258] TRACE [Controller id=0] Checking need to trigger auto leader balancing (kafka.controller.KafkaController)
[2019-10-15 00:18:12,258] DEBUG [Controller id=0] Preferred replicas by broker Map(0 -> Map(twitter-stream-0 -> Vector(0))) (kafka.controller.KafkaController)
[2019-10-15 00:18:12,258] DEBUG [Controller id=0] Topics not in preferred replica for broker 0 Map() (kafka.controller.KafkaController)
[2019-10-15 00:18:12,258] TRACE [Controller id=0] Leader imbalance ratio for broker 0 is 0.0 (kafka.controller.KafkaController)
[2019-10-15 00:23:12,258] INFO [Controller id=0] Processing automatic preferred replica leader election (kafka.controller.KafkaController)
[2019-10-15 00:23:12,258] TRACE [Controller id=0] Checking need to trigger auto leader balancing (kafka.controller.KafkaController)
[2019-10-15 00:23:12,259] DEBUG [Controller id=0] Preferred replicas by broker Map(0 -> Map(twitter-stream-0 -> Vector(0))) (kafka.controller.KafkaController)
[2019-10-15 00:23:12,259] DEBUG [Controller id=0] Topics not in preferred replica for broker 0 Map() (kafka.controller.KafkaController)
[2019-10-15 00:23:12,259] TRACE [Controller id=0] Leader imbalance ratio for broker 0 is 0.0 (kafka.controller.KafkaController)
[2019-10-15 00:28:12,259] INFO [Controller id=0] Processing automatic preferred replica leader election (kafka.controller.KafkaController)
[2019-10-15 00:28:12,259] TRACE [Controller id=0] Checking need to trigger auto leader balancing (kafka.controller.KafkaController)
[2019-10-15 00:28:12,259] DEBUG [Controller id=0] Preferred replicas by broker Map(0 -> Map(twitter-stream-0 -> Vector(0))) (kafka.controller.KafkaController)
[2019-10-15 00:28:12,259] DEBUG [Controller id=0] Topics not in preferred replica for broker 0 Map() (kafka.controller.KafkaController)
[2019-10-15 00:28:12,259] TRACE [Controller id=0] Leader imbalance ratio for broker 0 is 0.0 (kafka.controller.KafkaController)
[2019-10-15 00:33:12,260] INFO [Controller id=0] Processing automatic preferred replica leader election (kafka.controller.KafkaController)
[2019-10-15 00:33:12,260] TRACE [Controller id=0] Checking need to trigger auto leader balancing (kafka.controller.KafkaController)
[2019-10-15 00:33:12,260] DEBUG [Controller id=0] Preferred replicas by broker Map(0 -> Map(twitter-stream-0 -> Vector(0))) (kafka.controller.KafkaController)
[2019-10-15 00:33:12,260] DEBUG [Controller id=0] Topics not in preferred replica for broker 0 Map() (kafka.controller.KafkaController)
[2019-10-15 00:33:12,260] TRACE [Controller id=0] Leader imbalance ratio for broker 0 is 0.0 (kafka.controller.KafkaController)
